<?xml version="1.0" encoding="UTF-8"?>
<!-- Generated by org.testng.reporters.JUnitReportReporter -->
<testsuite skipped="0" hostname="MSI" name="class03.LoginTest" tests="2" failures="0" timestamp="2022-05-18T08:45:42 GMT-05:00" time="8.537" errors="0">
  <testcase name="VerifyCredentials2" time="4.290" classname="class03.LoginTest"/>
  <system-out/>
  <testcase name="VerifyCredentials" time="4.247" classname="class03.LoginTest"/>
  <system-out/>
</testsuite> <!-- class03.LoginTest -->
